[('rest', 0) ('rest', 0) ('rest', 0) ..., ('unapp', 1) ('rest', 1)
 ('rest', 1)]
(63175,)
['unapp' 'unapp' 'app' ..., 'app' 'unapp' 'unapp']
[[ 0.30774042  0.1237248   0.25969386 ...,  2.21812582  2.88646841
   2.55676675]
 [ 0.28845119  0.13575342  0.26299188 ...,  2.28083205  2.81134844
   2.53480649]
 [ 0.31013414  0.1780338   0.25634623 ...,  2.28412771  2.93126655
   2.62021804]
 ..., 
 [-0.60574126 -0.46817186 -0.65735769 ..., -0.22513513 -0.24440755
  -0.26859581]
 [-0.60522401 -0.46855444 -0.65425289 ..., -0.2251351  -0.24440755
  -0.26859614]
 [-0.60739392 -0.46827257 -0.66037017 ..., -0.22513513 -0.24440753
  -0.26859549]]
SVC(C=1.0, cache_size=200, class_weight=None, coef0=0.0,
  decision_function_shape='ovr', degree=3, gamma='auto', kernel='linear',
  max_iter=-1, probability=False, random_state=None, shrinking=True,
  tol=0.001, verbose=False)
